[2018-04-09T19:26:18.031] [INFO] normal - OPTIONS /login 响应时间为: 0.04s
[2018-04-09T19:27:23.270] [INFO] normal - OPTIONS /login 响应时间为: 0.023s
[2018-04-09T19:28:17.531] [INFO] normal - OPTIONS /login 响应时间为: 0.03s
[2018-04-09T19:30:32.571] [INFO] normal - OPTIONS /register 响应时间为: 0.003s
[2018-04-09T19:30:32.809] [INFO] normal - POST /register 响应时间为: 0.232s
[2018-04-09T19:32:13.998] [INFO] normal - OPTIONS /login 响应时间为: 0.001s
[2018-04-09T19:32:32.921] [INFO] normal - OPTIONS /login 响应时间为: 0.001s
[2018-04-09T19:32:32.937] [INFO] normal - POST /login 响应时间为: 0.009s
[2018-04-09T19:38:32.989] [INFO] normal - OPTIONS /login 响应时间为: 0.007s
[2018-04-09T19:38:54.960] [INFO] normal - OPTIONS /login 响应时间为: 0.002s
[2018-04-09T19:38:54.991] [INFO] normal - POST /login 响应时间为: 0.026s
[2018-04-09T19:41:51.951] [INFO] normal - OPTIONS /login 响应时间为: 0.009s
[2018-04-09T19:41:51.982] [INFO] normal - POST /login 响应时间为: 0.023s
[2018-04-09T19:42:14.430] [INFO] normal - OPTIONS /login 响应时间为: 0.003s
[2018-04-09T19:42:14.453] [INFO] normal - POST /login 响应时间为: 0.011s
[2018-04-09T19:42:14.548] [INFO] normal - GET /article/all/?page=1&pageSize=10 响应时间为: 0.034s
[2018-04-09T19:45:30.338] [INFO] normal - OPTIONS /article/all/?page=1&pageSize=10 响应时间为: 0.006s
[2018-04-09T19:45:30.617] [INFO] normal - GET /article/all/?page=1&pageSize=10 响应时间为: 0.002s
[2018-04-09T20:05:58.256] [INFO] normal - OPTIONS /article/all/?page=1&pageSize=10 响应时间为: 0.028s
[2018-04-09T20:05:58.390] [INFO] normal - GET /article/all/?page=1&pageSize=10 响应时间为: 0.011s
[2018-04-09T20:06:00.864] [INFO] normal - GET /article/all/?page=1&pageSize=10 响应时间为: 0.002s
[2018-04-09T20:19:07.846] [INFO] normal - OPTIONS /wwlogin 响应时间为: 0.006s
[2018-04-09T20:20:42.255] [INFO] normal - OPTIONS /article/new 响应时间为: 0s
[2018-04-09T20:20:42.522] [INFO] normal - POST /article/new 响应时间为: 0.262s
[2018-04-09T20:22:44.159] [INFO] normal - OPTIONS /article/new 响应时间为: 0.004s
[2018-04-09T20:22:44.187] [INFO] normal - POST /article/new 响应时间为: 0.021s
[2018-04-09T20:25:49.823] [INFO] normal - GET /user/photo 响应时间为: 0.055s
[2018-04-09T20:25:49.836] [INFO] normal - GET /user/article/all/?page=1&pageSize=100 响应时间为: 0.032s
[2018-04-09T20:25:56.961] [INFO] normal - GET /user/article/5acb5a9a64067d10cc8bb2d1 响应时间为: 0.04s
[2018-04-09T20:26:03.163] [INFO] normal - GET /user/article/5acb5b1464067d10cc8bb2d2 响应时间为: 0.007s
[2018-04-09T20:28:16.845] [INFO] normal - OPTIONS /article/new 响应时间为: 0.021s
[2018-04-09T20:28:16.925] [INFO] normal - POST /article/new 响应时间为: 0.066s
[2018-04-09T20:28:22.025] [INFO] normal - OPTIONS /article/new 响应时间为: 0.002s
[2018-04-09T20:28:22.038] [INFO] normal - POST /article/new 响应时间为: 0.007s
[2018-04-09T20:28:24.349] [INFO] normal - POST /article/new 响应时间为: 0.006s
[2018-04-09T20:28:26.077] [INFO] normal - POST /article/new 响应时间为: 0.004s
[2018-04-09T20:28:27.795] [INFO] normal - OPTIONS /article/new 响应时间为: 0.001s
[2018-04-09T20:28:27.803] [INFO] normal - POST /article/new 响应时间为: 0.003s
[2018-04-09T20:29:31.481] [INFO] normal - GET /user/article/all/?page=1&pageSize=100 响应时间为: 0.087s
[2018-04-09T20:29:31.484] [INFO] normal - GET /user/photo 响应时间为: 0.023s
[2018-04-09T20:29:49.834] [INFO] normal - GET /user/article/5ac082bd7231df535938c0c0 响应时间为: 0.05s
[2018-04-09T20:29:52.765] [INFO] normal - GET /user/article/5acb5c60df103e1391244c28 响应时间为: 0.01s
[2018-04-09T20:30:06.024] [INFO] normal - GET /user/article/5acb5c60df103e1391244c28 响应时间为: 0.004s
[2018-04-09T20:30:08.165] [INFO] normal - GET /user/article/5acb5a9a64067d10cc8bb2d1 响应时间为: 0.005s
[2018-04-09T20:30:10.187] [INFO] normal - GET /user/article/5acb5c6bdf103e1391244c2c 响应时间为: 0.01s
[2018-04-09T20:32:08.384] [INFO] normal - GET /user/article/5acb5c6bdf103e1391244c2c 响应时间为: 0.012s
[2018-04-09T20:34:18.430] [INFO] normal - GET /user/article/5acb5a9a64067d10cc8bb2d1 响应时间为: 0.01s
[2018-04-09T20:35:01.613] [INFO] normal - GET /user/article/5acb5a9a64067d10cc8bb2d1 响应时间为: 0.013s
[2018-04-09T20:35:02.117] [INFO] normal - GET /user/article/5acb5a9a64067d10cc8bb2d1 响应时间为: 0.005s
[2018-04-09T20:35:03.984] [INFO] normal - GET /user/photo 响应时间为: 0.006s
[2018-04-09T20:35:03.988] [INFO] normal - GET /user/article/all/?page=1&pageSize=100 响应时间为: 0.013s
[2018-04-09T20:35:21.185] [INFO] normal - GET /user/article/5acb5c6bdf103e1391244c2c 响应时间为: 0.01s
[2018-04-09T20:35:37.248] [INFO] normal - OPTIONS /article/new 响应时间为: 0.001s
[2018-04-09T20:41:07.951] [INFO] normal - GET /user/article/5acb5c6bdf103e1391244c2c 响应时间为: 0.058s
[2018-04-09T20:45:02.750] [INFO] normal - GET /user/project/ 响应时间为: 0.014s
[2018-04-09T20:50:19.680] [INFO] normal - OPTIONS /project 响应时间为: 0.012s
[2018-04-09T20:50:19.844] [INFO] normal - POST /project 响应时间为: 0.083s
[2018-04-09T20:50:43.324] [INFO] normal - OPTIONS /login 响应时间为: 0.001s
[2018-04-09T20:50:54.828] [INFO] normal - OPTIONS /login 响应时间为: 0.001s
[2018-04-09T20:50:54.846] [INFO] normal - POST /login 响应时间为: 0.011s
[2018-04-09T20:50:54.890] [INFO] normal - OPTIONS /article/all/?page=1&pageSize=10 响应时间为: 0.001s
[2018-04-09T20:50:54.953] [INFO] normal - GET /article/all/?page=1&pageSize=10 响应时间为: 0.005s
[2018-04-09T20:50:59.540] [INFO] normal - OPTIONS /project 响应时间为: 0.001s
[2018-04-09T20:50:59.550] [INFO] normal - POST /project 响应时间为: 0.005s
[2018-04-09T20:51:21.353] [INFO] normal - OPTIONS /project 响应时间为: 0.001s
[2018-04-09T20:51:21.362] [INFO] normal - POST /project 响应时间为: 0.003s
[2018-04-09T20:51:21.525] [INFO] normal - POST /project 响应时间为: 0.004s
[2018-04-09T20:51:21.684] [INFO] normal - POST /project 响应时间为: 0.005s
[2018-04-09T20:51:21.841] [INFO] normal - POST /project 响应时间为: 0.004s
[2018-04-09T20:51:23.891] [INFO] normal - GET /user/project/ 响应时间为: 0.005s
[2018-04-09T20:51:39.033] [INFO] normal - GET /user/article/all/?page=1&pageSize=100 响应时间为: 0.013s
[2018-04-09T20:51:40.322] [INFO] normal - GET /user/photo 响应时间为: 0.008s
[2018-04-09T20:58:41.431] [INFO] normal - OPTIONS /project/5ab73a3a367e2a3269d6ec27 响应时间为: 0.02s
[2018-04-09T20:58:41.461] [INFO] normal - DELETE /project/5ab73a3a367e2a3269d6ec27 响应时间为: 0.019s
[2018-04-09T20:58:51.404] [INFO] normal - OPTIONS /project/5acb61c943d099148ffb83b0 响应时间为: 0s
[2018-04-09T20:58:51.413] [INFO] normal - DELETE /project/5acb61c943d099148ffb83b0 响应时间为: 0.003s
