[2018-04-04T11:31:55.516] [INFO] normal - GET /user/article/all/?page=1&pageSize=100 响应时间为: 0.148s
[2018-04-04T11:31:59.205] [INFO] normal - GET /user/article/5ac082bd7231df535938c0c0 响应时间为: 0.063s
[2018-04-04T11:32:03.824] [INFO] normal - GET /user/project/ 响应时间为: 0.009s
[2018-04-04T11:32:40.974] [INFO] normal - GET /user/photo 响应时间为: 0.013s
[2018-04-04T11:32:44.697] [INFO] normal - GET /user/project/ 响应时间为: 0.007s
[2018-04-04T11:32:59.615] [INFO] normal - GET /user/photo 响应时间为: 0.004s
[2018-04-04T11:33:02.653] [INFO] normal - GET /user/project/ 响应时间为: 0.006s
[2018-04-04T11:52:47.569] [INFO] normal - GET /user/article/all/?page=1&pageSize=100 响应时间为: 0.049s
[2018-04-04T11:52:48.368] [INFO] normal - GET /user/article/5ac082bd7231df535938c0c0 响应时间为: 0.031s
[2018-04-04T11:53:10.796] [INFO] normal - GET /user/article/5ac082bd7231df535938c0c0 响应时间为: 0.044s
[2018-04-04T11:53:13.879] [INFO] normal - GET /user/article/all/?page=1&pageSize=100 响应时间为: 0.014s
[2018-04-04T11:53:14.727] [INFO] normal - GET /user/article/5ac089650881a65844096a3f 响应时间为: 0.01s
[2018-04-04T11:54:38.923] [INFO] normal - GET /user/article/all/?page=1&pageSize=100 响应时间为: 0.052s
[2018-04-04T11:58:27.563] [INFO] normal - GET /user/article/all/?page=1&pageSize=100 响应时间为: 0.036s
[2018-04-04T11:58:45.434] [INFO] normal - GET /user/article/5ac08ab50881a65844096a40 响应时间为: 0.068s
[2018-04-04T11:59:16.220] [INFO] normal - GET /user/article/all/?page=1&pageSize=100 响应时间为: 0.042s
[2018-04-04T11:59:17.919] [INFO] normal - GET /user/article/all/?page=1&pageSize=100 响应时间为: 0.005s
[2018-04-04T12:01:31.467] [INFO] normal - GET /user/article/5ac08ab50881a65844096a40 响应时间为: 0.049s
[2018-04-04T12:01:44.823] [INFO] normal - GET /user/article/5ac08ab50881a65844096a40 响应时间为: 0.079s
[2018-04-04T12:02:27.008] [INFO] normal - GET /user/article/5ac08ab50881a65844096a40 响应时间为: 0.071s
[2018-04-04T12:02:28.778] [INFO] normal - GET /user/article/all/?page=1&pageSize=100 响应时间为: 0.012s
[2018-04-04T12:02:29.812] [INFO] normal - GET /user/article/5ac082bd7231df535938c0c0 响应时间为: 0.009s
[2018-04-04T12:02:31.879] [INFO] normal - GET /user/article/all/?page=1&pageSize=100 响应时间为: 0.004s
[2018-04-04T12:02:32.957] [INFO] normal - GET /user/article/5ac082bd7231df535938c0c0 响应时间为: 0.008s
[2018-04-04T12:02:34.235] [INFO] normal - GET /user/article/5ac082bd7231df535938c0c0 响应时间为: 0.006s
[2018-04-04T12:02:35.276] [INFO] normal - GET /user/article/all/?page=1&pageSize=100 响应时间为: 0.011s
[2018-04-04T12:02:36.162] [INFO] normal - GET /user/article/5ac082bd7231df535938c0c0 响应时间为: 0.014s
[2018-04-04T12:02:38.841] [INFO] normal - GET /user/article/all/?page=1&pageSize=100 响应时间为: 0.004s
[2018-04-04T12:02:39.877] [INFO] normal - GET /user/article/5ac082bd7231df535938c0c0 响应时间为: 0.008s
[2018-04-04T12:02:41.418] [INFO] normal - GET /user/article/5ac082bd7231df535938c0c0 响应时间为: 0.004s
[2018-04-04T12:02:41.979] [INFO] normal - GET /user/article/all/?page=1&pageSize=100 响应时间为: 0.004s
[2018-04-04T12:02:45.239] [INFO] normal - GET /user/article/5ac082bd7231df535938c0c0 响应时间为: 0.011s
[2018-04-04T12:02:51.198] [INFO] normal - OPTIONS /user/comment 响应时间为: 0.002s
[2018-04-04T12:02:51.292] [INFO] normal - POST /user/comment 响应时间为: 0.088s
[2018-04-04T12:02:55.543] [INFO] normal - GET /user/article/all/?page=1&pageSize=100 响应时间为: 0.007s
[2018-04-04T12:02:58.506] [INFO] normal - GET /user/article/5ac08ab50881a65844096a40 响应时间为: 0.008s
[2018-04-04T12:03:10.723] [INFO] normal - GET /user/project/ 响应时间为: 0.003s
[2018-04-04T12:03:11.725] [INFO] normal - GET /user/project/ 响应时间为: 0.007s
[2018-04-04T12:03:12.448] [INFO] normal - GET /user/photo 响应时间为: 0.006s
[2018-04-04T12:03:13.667] [INFO] normal - GET /user/project/ 响应时间为: 0.01s
[2018-04-04T12:03:15.219] [INFO] normal - GET /user/project/ 响应时间为: 0.018s
[2018-04-04T12:03:15.547] [INFO] normal - GET /user/photo 响应时间为: 0.003s
[2018-04-04T12:03:16.351] [INFO] normal - GET /user/photo 响应时间为: 0.003s
[2018-04-04T12:03:16.667] [INFO] normal - GET /user/project/ 响应时间为: 0.009s
[2018-04-04T12:10:19.537] [INFO] normal - GET /user/photo 响应时间为: 0.089s
[2018-04-04T12:10:50.204] [INFO] normal - OPTIONS /user/photo/5abc989586a472f83c36deee 响应时间为: 0.003s
[2018-04-04T12:10:50.220] [INFO] normal - DELETE /user/photo/5abc989586a472f83c36deee 响应时间为: 0.004s
[2018-04-04T12:11:25.771] [INFO] normal - OPTIONS /user/photo/5abc989586a472f83c36deee 响应时间为: 0.022s
[2018-04-04T12:11:25.785] [INFO] normal - DELETE /user/photo/5abc989586a472f83c36deee 响应时间为: 0.003s
[2018-04-04T12:11:30.441] [INFO] normal - DELETE /user/photo/5abc989586a472f83c36deee 响应时间为: 0.001s
[2018-04-04T12:12:09.209] [INFO] normal - GET /user/photo 响应时间为: 0.041s
[2018-04-04T12:12:35.009] [INFO] normal - OPTIONS /user/photo/5abc93c886a472f83c36dee9 响应时间为: 0.002s
[2018-04-04T12:12:35.018] [INFO] normal - DELETE /user/photo/5abc93c886a472f83c36dee9 响应时间为: 0.002s
[2018-04-04T12:13:28.815] [INFO] normal - OPTIONS /user/photo/5abc93c886a472f83c36dee9 响应时间为: 0.001s
[2018-04-04T12:13:28.821] [INFO] normal - DELETE /user/photo/5abc93c886a472f83c36dee9 响应时间为: 0.001s
[2018-04-04T12:13:29.847] [INFO] normal - DELETE /user/photo/5abc93c886a472f83c36dee9 响应时间为: 0.001s
[2018-04-04T12:13:30.005] [INFO] normal - DELETE /user/photo/5abc93c886a472f83c36dee9 响应时间为: 0.002s
[2018-04-04T12:13:30.160] [INFO] normal - DELETE /user/photo/5abc93c886a472f83c36dee9 响应时间为: 0.001s
[2018-04-04T12:13:30.328] [INFO] normal - DELETE /user/photo/5abc93c886a472f83c36dee9 响应时间为: 0.001s
[2018-04-04T12:14:19.746] [INFO] normal - OPTIONS /user/photo/5abc93c886a472f83c36dee9 响应时间为: 0.02s
[2018-04-04T12:14:19.789] [INFO] normal - DELETE /user/photo/5abc93c886a472f83c36dee9 响应时间为: 0.031s
